<?xml version="1.0" encoding="UTF-8"?>
<testsuite name="com.demoqa.test.runners.AddWebTableRunner" tests="0" skipped="0" failures="0" errors="0" timestamp="1970-01-01T00:00:00" hostname="SQAT1MDEWIN63" time="0.0">
  <properties/>
  <system-out><![CDATA[11:25:26.859 [Test worker] DEBUG net.thucydides.core.util.PropertiesFileLocalPreferences - LOADING LOCAL PROPERTIES FROM C:\Users\SQA\Documents\ESTUDIO\PERFORMANCE\screenplayfirts\serenity.properties 
11:25:26.935 [Test worker] DEBUG net.thucydides.core.util.PropertiesFileLocalPreferences - LOADING LOCAL PROPERTIES FROM C:\Users\SQA\Documents\ESTUDIO\PERFORMANCE\screenplayfirts\serenity.properties 
11:25:26.941 [Test worker] DEBUG net.thucydides.core.util.PropertiesFileLocalPreferences - LOADING LOCAL PROPERTIES FROM C:\Users\SQA\Documents\ESTUDIO\PERFORMANCE\screenplayfirts\serenity.properties 
11:25:26.992 [Test worker] DEBUG net.thucydides.core.util.PropertiesFileLocalPreferences - webdriver.driver=chrome
11:25:26.993 [Test worker] DEBUG net.thucydides.core.util.PropertiesFileLocalPreferences - webdriver.chrome.driver=src/main/resources/drivers/chromedriver.exe
11:25:26.994 [Test worker] DEBUG net.thucydides.core.util.PropertiesFileLocalPreferences - chrome.switches=--disable-popup-blocking,--incognito, --disable-download-notification,--start-maximized,--test-type,--ignore-certificate-errors, --allow-running-insecure-content, --disable-translate, --always-authorize-plugins, --disable-extensions, --disable-dev-shm-usage
11:25:26.995 [Test worker] DEBUG net.thucydides.core.util.PropertiesFileLocalPreferences - webdriver.timeouts.implicitlywait=10000
11:25:28.298 [Test worker] INFO io.cucumber.core.plugin.SerenityReporter - Running feature from file:///C:/Users/SQA/Documents/ESTUDIO/PERFORMANCE/screenplayfirts/src/test/resources/features/addTables.feature
11:25:28.985 [Test worker] DEBUG net.thucydides.core.util.PropertiesFileLocalPreferences - LOADING LOCAL PROPERTIES FROM C:\Users\SQA\Documents\ESTUDIO\PERFORMANCE\screenplayfirts\serenity.properties 
11:25:29.001 [Test worker] DEBUG net.thucydides.core.util.PropertiesFileLocalPreferences - LOADING LOCAL PROPERTIES FROM C:\Users\SQA\Documents\ESTUDIO\PERFORMANCE\screenplayfirts\serenity.properties 
11:25:29.003 [Test worker] DEBUG net.thucydides.core.util.PropertiesFileLocalPreferences - LOADING LOCAL PROPERTIES FROM C:\Users\SQA\Documents\ESTUDIO\PERFORMANCE\screenplayfirts\serenity.properties 
11:25:29.006 [Test worker] DEBUG net.thucydides.core.util.PropertiesFileLocalPreferences - webdriver.driver=chrome
11:25:29.007 [Test worker] DEBUG net.thucydides.core.util.PropertiesFileLocalPreferences - webdriver.chrome.driver=src/main/resources/drivers/chromedriver.exe
11:25:29.007 [Test worker] DEBUG net.thucydides.core.util.PropertiesFileLocalPreferences - chrome.switches=--disable-popup-blocking,--incognito, --disable-download-notification,--start-maximized,--test-type,--ignore-certificate-errors, --allow-running-insecure-content, --disable-translate, --always-authorize-plugins, --disable-extensions, --disable-dev-shm-usage
11:25:29.007 [Test worker] DEBUG net.thucydides.core.util.PropertiesFileLocalPreferences - webdriver.timeouts.implicitlywait=10000
11:25:29.045 [Test worker] INFO  - 

-------------------------------------------------------------------------------------
     _______. _______ .______       _______ .__   __.  __  .___________.____    ____ 
    /       ||   ____||   _  \     |   ____||  \ |  | |  | |           |\   \  /   / 
   |   (----`|  |__   |  |_)  |    |  |__   |   \|  | |  | `---|  |----` \   \/   /  
    \   \    |   __|  |      /     |   __|  |  . `  | |  |     |  |       \_    _/   
.----)   |   |  |____ |  |\  \----.|  |____ |  |\   | |  |     |  |         |  |     
|_______/    |_______|| _| `._____||_______||__| \__| |__|     |__|         |__|    
                                                                                     
 News and tutorials at http://www.serenity-bdd.info                                  
 Documentation at https://wakaleo.gitbooks.io/the-serenity-book/content/             
 Join the Serenity Community on Gitter: https://gitter.im/serenity-bdd/serenity-core 
 Serenity BDD Support and Training at http://serenity-bdd.info/#/trainingandsupport  
-------------------------------------------------------------------------------------

11:25:29.054 [Test worker] DEBUG net.thucydides.core.steps.StepEventBus - Test suite started for story net.thucydides.core.model.Story@48dbd6a5
11:25:29.060 [Test worker] INFO  - Test Suite Started: add web table

1 Scenarios (?[32m1 passed?[0m)
3 Steps (?[32m3 passed?[0m)
0m58,197s


11:26:26.490 [Test worker] DEBUG net.thucydides.core.reports.ReportService - Reporting formats: [JSON, HTML]
11:26:26.808 [Test worker] DEBUG net.thucydides.core.reports.ReportService - Reporting formats: [JSON, HTML]
11:26:26.848 [Test worker] DEBUG net.thucydides.core.reports.ReportService - Generating reports for 1 test outcomes using: net.thucydides.core.reports.json.JSONTestOutcomeReporter@6b84ae86
11:26:26.852 [pool-1-thread-1] DEBUG net.thucydides.core.reports.ReportService - Processing test outcome add web table:Login succesful
11:26:26.853 [pool-1-thread-1] INFO net.thucydides.core.reports.ReportService - net.thucydides.core.reports.json.JSONTestOutcomeReporter@6b84ae86: Generating report for test outcome: add web table:Login succesful
11:26:26.863 [pool-1-thread-1] DEBUG net.thucydides.core.reports.json.JSONTestOutcomeReporter - Generating JSON report for Login succesful to file C:\Users\SQA\Documents\ESTUDIO\PERFORMANCE\screenplayfirts\target\site\serenity\30055aefae39de3020c55ff6a7792ba17163ff86d3ecacda9b25dcae7d48322d.json (using temp file C:\Users\SQA\Documents\ESTUDIO\PERFORMANCE\screenplayfirts\target\site\serenity\30055aefae39de3020c55ff6a7792ba17163ff86d3ecacda9b25dcae7d48322d.jsonea2d8ee1-4afd-4591-8504-90f337191149)
11:26:26.998 [pool-1-thread-1] DEBUG net.thucydides.core.reports.ReportService - Processing test outcome add web table:Login succesful done
11:26:26.998 [Test worker] DEBUG net.thucydides.core.reports.ReportService - Shutting down executor service
11:26:26.998 [Test worker] DEBUG net.thucydides.core.reports.ReportService - Reports generated in: 150 ms
11:26:26.999 [Test worker] DEBUG net.thucydides.core.reports.ReportService - Generating reports for 1 test outcomes using: net.thucydides.core.reports.html.HtmlAcceptanceTestReporter@7e64cb9a
11:26:27.003 [pool-2-thread-1] DEBUG net.thucydides.core.reports.ReportService - Processing test outcome add web table:Login succesful
11:26:27.003 [pool-2-thread-1] INFO net.thucydides.core.reports.ReportService - net.thucydides.core.reports.html.HtmlAcceptanceTestReporter@7e64cb9a: Generating report for test outcome: add web table:Login succesful
11:26:27.078 [pool-2-thread-1] DEBUG net.thucydides.core.requirements.model.cucumber.CucumberParser - Added feature add web table
11:26:27.102 [pool-2-thread-1] DEBUG net.thucydides.core.requirements.BaseRequirementsService - Requirement found for test outcome Login succesful-[]: Optional[Requirement{name='add web table', type='feature' parent = 'null', cardNumber='null'}]
11:26:27.113 [pool-2-thread-1] DEBUG net.thucydides.core.requirements.BaseRequirementsService - Requirement found for test outcome Login succesful-[]: Optional[Requirement{name='add web table', type='feature' parent = 'null', cardNumber='null'}]
11:26:27.231 [pool-2-thread-1] DEBUG net.thucydides.core.requirements.BaseRequirementsService - Requirement found for test outcome Login succesful-[]: Optional[Requirement{name='add web table', type='feature' parent = 'null', cardNumber='null'}]
11:26:27.236 [pool-2-thread-1] DEBUG net.thucydides.core.requirements.BaseRequirementsService - Requirement found for test outcome Login succesful-[]: Optional[Requirement{name='add web table', type='feature' parent = 'null', cardNumber='null'}]
11:26:27.249 [pool-2-thread-1] DEBUG serenity.reporting - Generating report in 30055aefae39de3020c55ff6a7792ba17163ff86d3ecacda9b25dcae7d48322d_screenshots.html
11:26:28.954 [pool-2-thread-1] DEBUG serenity.reporting - Generated report 30055aefae39de3020c55ff6a7792ba17163ff86d3ecacda9b25dcae7d48322d_screenshots.html in 1705 ms
11:26:28.969 [pool-2-thread-1] DEBUG serenity.reporting - Generating report in 30055aefae39de3020c55ff6a7792ba17163ff86d3ecacda9b25dcae7d48322d.html
11:26:30.421 [pool-2-thread-1] DEBUG serenity.reporting - Generated report 30055aefae39de3020c55ff6a7792ba17163ff86d3ecacda9b25dcae7d48322d.html in 1452 ms
11:26:30.421 [pool-2-thread-1] DEBUG net.thucydides.core.reports.ReportService - Processing test outcome add web table:Login succesful done
11:26:30.423 [Test worker] DEBUG net.thucydides.core.reports.ReportService - Shutting down executor service
11:26:30.424 [Test worker] DEBUG net.thucydides.core.reports.ReportService - Reports generated in: 3425 ms
11:26:30.695 [Test worker] INFO io.cucumber.core.plugin.SerenityReporter - Cleanup test resources for URI file:///C:/Users/SQA/Documents/ESTUDIO/PERFORMANCE/screenplayfirts/src/test/resources/features/addTables.feature
11:26:30.699 [Test worker] DEBUG net.serenitybdd.core.photography.Darkroom - Closing darkroom
11:26:30.700 [Darkroom Processing Line] DEBUG net.serenitybdd.core.photography.DarkroomProcessingLine - Darkroom processing line shutting down
]]></system-out>
  <system-err><![CDATA[]]></system-err>
</testsuite>
